\BOOKMARK [1][-]{section.1}{Goal}{}% 1
\BOOKMARK [2][-]{subsection.1.1}{Target Audience}{section.1}% 2
\BOOKMARK [2][-]{subsection.1.2}{Team Introduction}{section.1}% 3
\BOOKMARK [2][-]{subsection.1.3}{Role Distinction and Allocation}{section.1}% 4
\BOOKMARK [2][-]{subsection.1.4}{Setup}{section.1}% 5
\BOOKMARK [1][-]{section.2}{Game Concept}{}% 6
\BOOKMARK [2][-]{subsection.2.1}{Story}{section.2}% 7
\BOOKMARK [2][-]{subsection.2.2}{Gameplay Elements}{section.2}% 8
\BOOKMARK [2][-]{subsection.2.3}{Level Design}{section.2}% 9
\BOOKMARK [1][-]{section.3}{Realization}{}% 10
\BOOKMARK [2][-]{subsection.3.1}{Structure Realization}{section.3}% 11
\BOOKMARK [2][-]{subsection.3.2}{Programming Habits}{section.3}% 12
\BOOKMARK [2][-]{subsection.3.3}{Game Interaction}{section.3}% 13
\BOOKMARK [2][-]{subsection.3.4}{Level Creation}{section.3}% 14
\BOOKMARK [2][-]{subsection.3.5}{Art Creation}{section.3}% 15
\BOOKMARK [1][-]{section.4}{Iteration}{}% 16
\BOOKMARK [1][-]{section.5}{Evaluation}{}% 17
\BOOKMARK [2][-]{subsection.5.1}{Individual report - members motivations and reflections}{section.5}% 18
\BOOKMARK [3][-]{subsubsection.5.1.1}{Kevin Cleijne}{subsection.5.1}% 19
\BOOKMARK [3][-]{subsubsection.5.1.2}{Jeroen van Hoof}{subsection.5.1}% 20
\BOOKMARK [3][-]{subsubsection.5.1.3}{Pieter Kokx}{subsection.5.1}% 21
\BOOKMARK [3][-]{subsubsection.5.1.4}{Joep Klein Teeselink}{subsection.5.1}% 22
\BOOKMARK [3][-]{subsubsection.5.1.5}{Twan van Schijndel}{subsection.5.1}% 23
\BOOKMARK [1][-]{section.6}{Appendix}{}% 24
